/*C1*/SET SCHEMA SYSTEM_LOBS
INSERT INTO BLOCKS VALUES(0,2147483647,0)
COMMIT
/*C4*/SET SCHEMA PUBLIC
CREATE TABLE Persona\u000b(\u000b\u000acodigo INTEGER PRIMARY KEY,\u000b\u000aapellido VARCHAR(255),\u000b\u000anombre VARCHAR(255),\u000b\u000adireccion VARCHAR(255),\u000b\u000asalario NUMERIC(10,2),\u000afecha_nac DATE\u000b\u000a)
/*C5*/SET SCHEMA PUBLIC
DISCONNECT
/*C6*/SET SCHEMA PUBLIC
DISCONNECT
/*C4*/CREATE TABLE PERSONAS\u000b(\u000b\u000acodigo INTEGER PRIMARY KEY,\u000b\u000aapellido VARCHAR(60) NOT NULL,\u000b\u000anombre VARCHAR(60) NOT NULL,\u000b\u000adireccion VARCHAR(120),\u000b\u000asalario NUMERIC(10,2),\u000afecha_nac DATE NOT NULL\u000b\u000a\u000a)
/*C7*/SET SCHEMA PUBLIC
DISCONNECT
/*C2*/SET SCHEMA PUBLIC
ALTER TABLE PUBLIC.PERSONAS ALTER COLUMN CODIGO INT
/*C8*/SET SCHEMA PUBLIC
DISCONNECT
/*C2*/ALTER TABLE PUBLIC.PERSONAS ALTER COLUMN CODIGO INT
/*C9*/SET SCHEMA PUBLIC
DISCONNECT
/*C4*/CREATE TABLE PERSONA_TELEFONO(\u000aCodigo INTEGER PRIMARY KEY,\u000acedula VARCHAR(10),\u000atipo_telefono VARCHAR(12),\u000anumero_telefono VARCHAR(24),\u000a)
/*C10*/SET SCHEMA PUBLIC
DISCONNECT
/*C11*/SET SCHEMA PUBLIC
DISCONNECT
/*C12*/SET SCHEMA PUBLIC
DISCONNECT
/*C13*/SET SCHEMA PUBLIC
DISCONNECT
/*C4*/ALTER TABLE PERSONA_TELEFONO \u000aADD CONSTRAINT PERSONAS \u000aFOREIGN KEY (codigo) \u000aREFERENCES PERSONAS(codigo)
/*C14*/SET SCHEMA PUBLIC
DISCONNECT
/*C15*/SET SCHEMA PUBLIC
DISCONNECT
/*C16*/SET SCHEMA PUBLIC
DISCONNECT
/*C17*/SET SCHEMA PUBLIC
DISCONNECT
/*C4*/INSERT INTO PERSONAS VALUES(10,'Godoy','Kevin','Canaribamba',321.75,'1998-12-15')
COMMIT
/*C18*/SET SCHEMA PUBLIC
DISCONNECT
/*C4*/INSERT INTO PERSONAS VALUES(11,'Godoy','Ermel','Canaribamba',433.75,'1965-05-16')
INSERT INTO PERSONAS VALUES(12,'Mendia','Sonia','Canaribamba',700.75,'1974-09-05')
COMMIT
/*C19*/SET SCHEMA PUBLIC
DISCONNECT
/*C26*/SET SCHEMA PUBLIC
DISCONNECT
/*C27*/SET SCHEMA PUBLIC
DISCONNECT
/*C28*/SET SCHEMA PUBLIC
DISCONNECT
/*C29*/SET SCHEMA PUBLIC
DISCONNECT
/*C30*/SET SCHEMA PUBLIC
DISCONNECT
/*C31*/SET SCHEMA PUBLIC
DISCONNECT
/*C32*/SET SCHEMA PUBLIC
DISCONNECT
/*C33*/SET SCHEMA PUBLIC
DISCONNECT
/*C34*/SET SCHEMA PUBLIC
DISCONNECT
/*C4*/INSERT INTO PERSONAS VALUES(13,'Godoy','Juan Pablo','Canaribamba',1.17,'2012-01-12')
COMMIT
/*C35*/SET SCHEMA PUBLIC
DISCONNECT
/*C21*/SET SCHEMA PUBLIC
DISCONNECT
/*C20*/SET SCHEMA PUBLIC
DISCONNECT
/*C2*/DISCONNECT
/*C3*/SET SCHEMA PUBLIC
DISCONNECT
/*C4*/DISCONNECT
/*C22*/SET SCHEMA PUBLIC
DISCONNECT
/*C23*/SET SCHEMA PUBLIC
DISCONNECT
/*C24*/SET SCHEMA PUBLIC
DISCONNECT
/*C25*/SET SCHEMA PUBLIC
DISCONNECT
/*C36*/SET SCHEMA PUBLIC
DISCONNECT
/*C39*/SET SCHEMA PUBLIC
DISCONNECT
/*C38*/SET SCHEMA PUBLIC
DISCONNECT
/*C41*/SET SCHEMA PUBLIC
CREATE TABLE Person\u000b(\u000b\u000acodigo INTEGER PRIMARY KEY,\u000b\u000aapellido VARCHAR(60) NOT NULL,\u000b\u000anombre VARCHAR(60) NOT NULL,\u000b\u000adireccion VARCHAR(120),\u000b\u000asalario NUMERIC(10,2),\u000afecha_nac DATE NOT NULL\u000a)
