/*C1*/SET SCHEMA SYSTEM_LOBS
INSERT INTO BLOCKS VALUES(0,2147483647,0)
COMMIT
/*C4*/SET SCHEMA PUBLIC
CREATE TABLE Persona\u000b(\u000b\u000a \u000bnombre VARCHAR(255),\u000b\u000a  ruc VARCHAR(255),\u000a  direccion VARCHAR(255),\u000b\u000a  Telefono VARCHAR(255),\u000a SITIO_WEB VARCHAR(255),\u000a LONGITUD INTEGER,\u000a LATUTUD INTEGER,\u000a )
/*C5*/SET SCHEMA PUBLIC
DISCONNECT
/*C6*/SET SCHEMA PUBLIC
DISCONNECT
/*C4*/ALTER TABLE Persona\u000aRENAME TO lala
CREATE TABLE Persona\u000b(\u000b\u000a \u000bnombre VARCHAR(255),\u000b\u000a  ruc VARCHAR(255),\u000a  direccion VARCHAR(255),\u000b\u000a  Telefono VARCHAR(255),\u000a SITIO_WEB VARCHAR(255),\u000a LONGITUD INTEGER,\u000a LATUTUD INTEGER,\u000a )
/*C7*/SET SCHEMA PUBLIC
DISCONNECT
/*C8*/SET SCHEMA PUBLIC
DISCONNECT
/*C9*/SET SCHEMA PUBLIC
DISCONNECT
/*C10*/SET SCHEMA PUBLIC
DISCONNECT
/*C4*/INSERT INTO LALA VALUES('Universidad del Azuay','0109061342001','Av. 24 de mayo','4167523','http://www.uazuay.edu.ec',-2099841,-162348)
INSERT INTO LALA VALUES('Universidad de Cuenca','0187511312001','Av. 12 de abril','4278981','http://www.ucuenca.edu.ec',-2912381,-162348)
INSERT INTO LALA VALUES('Universidad Catolica de Cuenca','1721345698001','Av. de las Americas','2876534','http://www.ucatolica.edu.ec',-177861,-179988)
COMMIT
INSERT INTO LALA VALUES('Universidad del Azuay','0109061342001','Av. 24 de mayo','4167523','http://www.uazuay.edu.ec',-2099841,-162348)
INSERT INTO LALA VALUES('Universidad de Cuenca','0187511312001','Av. 12 de abril','4278981','http://www.ucuenca.edu.ec',-2912381,-162348)
INSERT INTO LALA VALUES('Universidad Catolica de Cuenca','1721345698001','Av. de las Americas','2876534','http://www.ucatolica.edu.ec',-177861,-179988)
COMMIT
INSERT INTO LALA VALUES('Universidad del Azuay','0109061342001','Av. 24 de mayo','4167523','http://www.uazuay.edu.ec',-2099841,-162348)
INSERT INTO LALA VALUES('Universidad de Cuenca','0187511312001','Av. 12 de abril','4278981','http://www.ucuenca.edu.ec',-2912381,-162348)
INSERT INTO LALA VALUES('Universidad Catolica de Cuenca','1721345698001','Av. de las Americas','2876534','http://www.ucatolica.edu.ec',-177861,-179988)
COMMIT
INSERT INTO LALA VALUES('Universidad Catolica de Cuenca','1721345698001','Av. de las Americas','2876534','http://www.ucatolica.edu.ec',-177861,-179988)
COMMIT
INSERT INTO LALA VALUES('Universidad del Azuay','0109061342001','Av. 24 de mayo','4167523','http://www.uazuay.edu.ec',-2099841,-162348)
INSERT INTO LALA VALUES('Universidad de Cuenca','0187511312001','Av. 12 de abril','4278981','http://www.ucuenca.edu.ec',-2912381,-162348)
INSERT INTO LALA VALUES('Universidad Catolica de Cuenca','1721345698001','Av. de las Americas','2876534','http://www.ucatolica.edu.ec',-177861,-179988)
COMMIT
/*C11*/SET SCHEMA PUBLIC
DISCONNECT
/*C4*/INSERT INTO PERSONA VALUES('Universidad Politecnica Salesiana','0109056754001','Calle Vieja y Elia Liut','2862213','http://www.ups.edu.ec',-2999981,-179988)
INSERT INTO LALA VALUES('Universidad Catolica de Cuenca','1721345698001','Av. de las Americas','2876534','http://www.ucatolica.edu.ec',-177861,-179988)
COMMIT
INSERT INTO LALA VALUES('Universidad del Azuay','0109061342001','Av. 24 de mayo','4167523','http://www.uazuay.edu.ec',-2099841,-162348)
INSERT INTO LALA VALUES('Universidad de Cuenca','0187511312001','Av. 12 de abril','4278981','http://www.ucuenca.edu.ec',-2912381,-162348)
INSERT INTO LALA VALUES('Universidad Catolica de Cuenca','1721345698001','Av. de las Americas','2876534','http://www.ucatolica.edu.ec',-177861,-179988)
COMMIT
INSERT INTO PERSONA VALUES('Universidad Politecnica Salesiana','0109056754001','Calle Vieja y Elia Liut','2862213','http://www.ups.edu.ec',-2999981,-179988)
INSERT INTO LALA VALUES('Universidad Catolica de Cuenca','1721345698001','Av. de las Americas','2876534','http://www.ucatolica.edu.ec',-177861,-179988)
COMMIT
INSERT INTO LALA VALUES('Universidad del Azuay','0109061342001','Av. 24 de mayo','4167523','http://www.uazuay.edu.ec',-2099841,-162348)
INSERT INTO LALA VALUES('Universidad de Cuenca','0187511312001','Av. 12 de abril','4278981','http://www.ucuenca.edu.ec',-2912381,-162348)
INSERT INTO LALA VALUES('Universidad Catolica de Cuenca','1721345698001','Av. de las Americas','2876534','http://www.ucatolica.edu.ec',-177861,-179988)
COMMIT
INSERT INTO PERSONA VALUES('Universidad Politecnica Salesiana','0109056754001','Calle Vieja y Elia Liut','2862213','http://www.ups.edu.ec',-2999981,-179988)
INSERT INTO LALA VALUES('Universidad Catolica de Cuenca','1721345698001','Av. de las Americas','2876534','http://www.ucatolica.edu.ec',-177861,-179988)
COMMIT
INSERT INTO LALA VALUES('Universidad del Azuay','0109061342001','Av. 24 de mayo','4167523','http://www.uazuay.edu.ec',-2099841,-162348)
INSERT INTO LALA VALUES('Universidad de Cuenca','0187511312001','Av. 12 de abril','4278981','http://www.ucuenca.edu.ec',-2912381,-162348)
INSERT INTO LALA VALUES('Universidad Catolica de Cuenca','1721345698001','Av. de las Americas','2876534','http://www.ucatolica.edu.ec',-177861,-179988)
COMMIT
INSERT INTO PERSONA VALUES('Universidad Politecnica Salesiana','0109056754001','Calle Vieja y Elia Liut','2862213','http://www.ups.edu.ec',-2999981,-179988)
INSERT INTO LALA VALUES('Universidad Catolica de Cuenca','1721345698001','Av. de las Americas','2876534','http://www.ucatolica.edu.ec',-177861,-179988)
COMMIT
INSERT INTO LALA VALUES('Universidad del Azuay','0109061342001','Av. 24 de mayo','4167523','http://www.uazuay.edu.ec',-2099841,-162348)
INSERT INTO LALA VALUES('Universidad de Cuenca','0187511312001','Av. 12 de abril','4278981','http://www.ucuenca.edu.ec',-2912381,-162348)
INSERT INTO LALA VALUES('Universidad Catolica de Cuenca','1721345698001','Av. de las Americas','2876534','http://www.ucatolica.edu.ec',-177861,-179988)
COMMIT
INSERT INTO LALA VALUES('Universidad Politecnica Salesiana','0109056754001','Calle Vieja y Elia Liut','2862213','http://www.ups.edu.ec',-2999981,-179988)
INSERT INTO LALA VALUES('Universidad Catolica de Cuenca','1721345698001','Av. de las Americas','2876534','http://www.ucatolica.edu.ec',-177861,-179988)
COMMIT
INSERT INTO LALA VALUES('Universidad del Azuay','0109061342001','Av. 24 de mayo','4167523','http://www.uazuay.edu.ec',-2099841,-162348)
INSERT INTO LALA VALUES('Universidad de Cuenca','0187511312001','Av. 12 de abril','4278981','http://www.ucuenca.edu.ec',-2912381,-162348)
INSERT INTO LALA VALUES('Universidad Catolica de Cuenca','1721345698001','Av. de las Americas','2876534','http://www.ucatolica.edu.ec',-177861,-179988)
COMMIT
INSERT INTO LALA VALUES('Universidad Politecnica Salesiana','0109056754001','Calle Vieja y Elia Liut','2862213','http://www.ups.edu.ec',-2999981,-179988)
INSERT INTO LALA VALUES('Universidad Catolica de Cuenca','1721345698001','Av. de las Americas','2876534','http://www.ucatolica.edu.ec',-177861,-179988)
COMMIT
INSERT INTO LALA VALUES('Universidad del Azuay','0109061342001','Av. 24 de mayo','4167523','http://www.uazuay.edu.ec',-2099841,-162348)
INSERT INTO LALA VALUES('Universidad de Cuenca','0187511312001','Av. 12 de abril','4278981','http://www.ucuenca.edu.ec',-2912381,-162348)
INSERT INTO LALA VALUES('Universidad Catolica de Cuenca','1721345698001','Av. de las Americas','2876534','http://www.ucatolica.edu.ec',-177861,-179988)
COMMIT
INSERT INTO LALA VALUES('Universidad Politecnica Salesiana','0109056754001','Calle Vieja y Elia Liut','2862213','http://www.ups.edu.ec',-2999981,-179988)
INSERT INTO LALA VALUES('Universidad Catolica de Cuenca','1721345698001','Av. de las Americas','2876534','http://www.ucatolica.edu.ec',-177861,-179988)
COMMIT
INSERT INTO LALA VALUES('Universidad del Azuay','0109061342001','Av. 24 de mayo','4167523','http://www.uazuay.edu.ec',-2099841,-162348)
INSERT INTO LALA VALUES('Universidad de Cuenca','0187511312001','Av. 12 de abril','4278981','http://www.ucuenca.edu.ec',-2912381,-162348)
INSERT INTO LALA VALUES('Universidad Catolica de Cuenca','1721345698001','Av. de las Americas','2876534','http://www.ucatolica.edu.ec',-177861,-179988)
COMMIT
INSERT INTO LALA VALUES('Universidad Politecnica Salesiana','0109056754001','Calle Vieja y Elia Liut','2862213','http://www.ups.edu.ec',-2999981,-179988)
INSERT INTO LALA VALUES('Universidad Catolica de Cuenca','1721345698001','Av. de las Americas','2876534','http://www.ucatolica.edu.ec',-177861,-179988)
COMMIT
INSERT INTO LALA VALUES('Universidad del Azuay','0109061342001','Av. 24 de mayo','4167523','http://www.uazuay.edu.ec',-2099841,-162348)
INSERT INTO LALA VALUES('Universidad de Cuenca','0187511312001','Av. 12 de abril','4278981','http://www.ucuenca.edu.ec',-2912381,-162348)
INSERT INTO LALA VALUES('Universidad Catolica de Cuenca','1721345698001','Av. de las Americas','2876534','http://www.ucatolica.edu.ec',-177861,-179988)
COMMIT
INSERT INTO LALA VALUES('Universidad Politecnica Salesiana','0109056754001','Calle Vieja y Elia Liut','2862213','http://www.ups.edu.ec',-2999981,-179988)
INSERT INTO LALA VALUES('Universidad Catolica de Cuenca','1721345698001','Av. de las Americas','2876534','http://www.ucatolica.edu.ec',-177861,-179988)
INSERT INTO LALA VALUES('Universidad del Azuay','0109061342001','Av. 24 de mayo','4167523','http://www.uazuay.edu.ec',-2099841,-162348)
INSERT INTO LALA VALUES('Universidad de Cuenca','0187511312001','Av. 12 de abril','4278981','http://www.ucuenca.edu.ec',-2912381,-162348)
INSERT INTO LALA VALUES('Universidad Catolica de Cuenca','1721345698001','Av. de las Americas','2876534','http://www.ucatolica.edu.ec',-177861,-179988)
COMMIT
INSERT INTO LALA VALUES('Universidad Politecnica Salesiana','0109056754001','Calle Vieja y Elia Liut','2862213','http://www.ups.edu.ec',-2999981,-179988)
INSERT INTO LALA VALUES('Universidad Catolica de Cuenca','1721345698001','Av. de las Americas','2876534','http://www.ucatolica.edu.ec',-177861,-179988)
COMMIT
INSERT INTO LALA VALUES('Universidad del Azuay','0109061342001','Av. 24 de mayo','4167523','http://www.uazuay.edu.ec',-2099841,-162348)
INSERT INTO LALA VALUES('Universidad de Cuenca','0187511312001','Av. 12 de abril','4278981','http://www.ucuenca.edu.ec',-2912381,-162348)
INSERT INTO LALA VALUES('Universidad Catolica de Cuenca','1721345698001','Av. de las Americas','2876534','http://www.ucatolica.edu.ec',-177861,-179988)
COMMIT
DISCONNECT
/*C12*/SET SCHEMA PUBLIC
DISCONNECT
/*C13*/SET SCHEMA PUBLIC
INSERT INTO LALA VALUES('Universidad Politecnica Salesiana','0109056754001','Calle Vieja y Elia Liut','2862213','http://www.ups.edu.ec',-2999981,-179988)
INSERT INTO LALA VALUES('Universidad Catolica de Cuenca','1721345698001','Av. de las Americas','2876534','http://www.ucatolica.edu.ec',-177861,-179988)
INSERT INTO LALA VALUES('Universidad del Azuay','0109061342001','Av. 24 de mayo','4167523','http://www.uazuay.edu.ec',-2099841,-162348)
INSERT INTO LALA VALUES('Universidad de Cuenca','0187511312001','Av. 12 de abril','4278981','http://www.ucuenca.edu.ec',-2912381,-162348)
COMMIT
INSERT INTO LALA VALUES('Universidad Politecnica Salesiana','0109056754001','Calle Vieja y Elia Liut','2862213','http://www.ups.edu.ec',-2999981,-179988)
INSERT INTO LALA VALUES('Universidad Catolica de Cuenca','1721345698001','Av. de las Americas','2876534','http://www.ucatolica.edu.ec',-177861,-179988)
INSERT INTO LALA VALUES('Universidad del Azuay','0109061342001','Av. 24 de mayo','4167523','http://www.uazuay.edu.ec',-2099841,-162348)
INSERT INTO LALA VALUES('Universidad de Cuenca','0187511312001','Av. 12 de abril','4278981','http://www.ucuenca.edu.ec',-2912381,-162348)
INSERT INTO LALA VALUES('Universidad Catolica de Cuenca','1721345698001','Av. de las Americas','2876534','http://www.ucatolica.edu.ec',-177861,-179988)
COMMIT
/*C14*/SET SCHEMA PUBLIC
DISCONNECT
/*C13*/INSERT INTO LALA VALUES('Universidad de Cuenca','0187511312001','Av. 12 de abril','4278981','http://www.ucuenca.edu.ec',-2912381,-162348)
INSERT INTO LALA VALUES('Universidad de Cuenca','0187511312001','Av. 12 de abril','4278981','http://www.ucuenca.edu.ec',-2912381,-162348)
COMMIT
/*C15*/SET SCHEMA PUBLIC
DISCONNECT
/*C13*/DISCONNECT
/*C3*/SET SCHEMA PUBLIC
DISCONNECT
/*C2*/SET SCHEMA PUBLIC
DISCONNECT
